Base path: 'C:/Program Files/Unity/Hub/Editor/2019.4.17f1/Editor/Data', plugins path 'C:/Program Files/Unity/Hub/Editor/2019.4.17f1/Editor/Data/PlaybackEngines'
Cmd: initializeCompiler
Cmd: preprocessCompute
  insize=2246 outsize=2245 ok=1
Cmd: compileComputeKernel
  error: 2 plat 4 at (0): Did not find shader kernel 'FunctionKernel' to compile
  api=4 insize=2245 outsize=0 ok=0
Cmd: preprocessCompute
  insize=2248 outsize=2247 ok=1
Cmd: compileComputeKernel
  error: 2 plat 4 at (0): Did not find shader kernel 'FunctionKernel' to compile
  api=4 insize=2247 outsize=0 ok=0
Cmd: preprocessCompute
  insize=2618 outsize=2629 ok=1
Cmd: compileComputeKernel
  api=4 insize=2629 outsize=810 ok=1
Cmd: preprocessCompute
  insize=2976 outsize=2987 ok=1
Cmd: compileComputeKernel
  api=4 insize=2987 outsize=810 ok=1
Cmd: preprocessCompute
  insize=6638 outsize=6733 ok=1
Cmd: compileComputeKernel
  api=4 insize=6733 outsize=810 ok=1
Cmd: compileComputeKernel
  api=4 insize=6733 outsize=1553 ok=1
Cmd: compileComputeKernel
  api=4 insize=6733 outsize=1365 ok=1
Cmd: compileComputeKernel
  api=4 insize=6733 outsize=1272 ok=1
Cmd: compileComputeKernel
  api=4 insize=6733 outsize=1530 ok=1
Cmd: preprocessCompute
  insize=6638 outsize=6733 ok=1
Cmd: compileComputeKernel
  api=4 insize=6733 outsize=1272 ok=1
Cmd: compileComputeKernel
  api=4 insize=6733 outsize=1398 ok=1
Cmd: compileComputeKernel
  api=4 insize=6733 outsize=1241 ok=1
Cmd: compileComputeKernel
  api=4 insize=6733 outsize=1553 ok=1
Cmd: preprocessCompute
  insize=6640 outsize=6735 ok=1
Cmd: compileComputeKernel
  api=4 insize=6735 outsize=1272 ok=1
Cmd: compileComputeKernel
  api=4 insize=6735 outsize=1365 ok=1
Cmd: compileComputeKernel
  api=4 insize=6735 outsize=1241 ok=1
Cmd: compileComputeKernel
  api=4 insize=6735 outsize=1553 ok=1
