Base path: 'C:/Program Files/Unity/Hub/Editor/2019.4.17f1/Editor/Data', plugins path 'C:/Program Files/Unity/Hub/Editor/2019.4.17f1/Editor/Data/PlaybackEngines'
Cmd: initializeCompiler
Cmd: compileSnippet
  api=4 type=0 insize=16577 outsize=5358 kw=_SUNDISK_NONE pd=UNITY_ENABLE_REFLECTION_BUFFERS UNITY_USE_DITHER_MASK_FOR_ALPHABLENDED_SHADOWS UNITY_PBS_USE_BRDF1 UNITY_SPECCUBE_BOX_PROJECTION UNITY_SPECCUBE_BLENDING UNITY_ENABLE_DETAIL_NORMALMAP SHADER_API_DESKTOP UNITY_LIGHT_PROBE_PROXY_VOLUME UNITY_LIGHTMAP_FULL_HDR ok=1
Cmd: compileComputeKernel
  api=4 insize=2629 outsize=1006 ok=1
Cmd: compileComputeKernel
  api=4 insize=6733 outsize=1091 ok=1
Cmd: compileComputeKernel
  api=4 insize=6733 outsize=980 ok=1
Cmd: compileComputeKernel
  api=4 insize=6733 outsize=1011 ok=1
Cmd: compileComputeKernel
  api=4 insize=6733 outsize=1745 ok=1
Cmd: compileComputeKernel
  api=4 insize=6733 outsize=1548 ok=1
Cmd: compileComputeKernel
  api=4 insize=6733 outsize=1267 ok=1
Cmd: compileComputeKernel
  api=4 insize=6733 outsize=1382 ok=1
Cmd: compileComputeKernel
  api=4 insize=6733 outsize=1577 ok=1
Cmd: compileComputeKernel
  api=4 insize=6735 outsize=1091 ok=1
Cmd: compileComputeKernel
  api=4 insize=6735 outsize=1553 ok=1
Cmd: compileComputeKernel
  api=4 insize=6735 outsize=980 ok=1
Cmd: compileComputeKernel
  api=4 insize=6735 outsize=1629 ok=1
